0 info it worked if it ends with ok
1 verbose cli [ '/usr/local/bin/node', '/usr/local/bin/npm', 'publish' ]
2 info using npm@4.0.5
3 info using node@v6.6.0
4 verbose publish [ '.' ]
5 silly cache add args [ '.', null ]
6 verbose cache add spec .
7 silly cache add parsed spec Result {
7 silly cache add   raw: '.',
7 silly cache add   scope: null,
7 silly cache add   escapedName: null,
7 silly cache add   name: null,
7 silly cache add   rawSpec: '.',
7 silly cache add   spec: '/Users/msteele/Omni/Repos/node-projector',
7 silly cache add   type: 'directory' }
8 verbose addLocalDirectory /Users/msteele/.npm/node-projector/0.0.1/package.tgz not in flight; packing
9 verbose correctMkdir /Users/msteele/.npm correctMkdir not in flight; initializing
10 info lifecycle node-projector@0.0.1~prepublish: node-projector@0.0.1
11 silly lifecycle node-projector@0.0.1~prepublish: no script for prepublish, continuing
12 info lifecycle node-projector@0.0.1~prepare: node-projector@0.0.1
13 silly lifecycle node-projector@0.0.1~prepare: no script for prepare, continuing
14 verbose tar pack [ '/Users/msteele/.npm/node-projector/0.0.1/package.tgz',
14 verbose tar pack   '/Users/msteele/Omni/Repos/node-projector' ]
15 verbose tarball /Users/msteele/.npm/node-projector/0.0.1/package.tgz
16 verbose folder /Users/msteele/Omni/Repos/node-projector
17 verbose addLocalTarball adding from inside cache /Users/msteele/.npm/node-projector/0.0.1/package.tgz
18 verbose correctMkdir /Users/msteele/.npm correctMkdir not in flight; initializing
19 silly cache afterAdd node-projector@0.0.1
20 verbose afterAdd /Users/msteele/.npm/node-projector/0.0.1/package/package.json not in flight; writing
21 verbose correctMkdir /Users/msteele/.npm correctMkdir not in flight; initializing
22 verbose afterAdd /Users/msteele/.npm/node-projector/0.0.1/package/package.json written
23 silly publish { name: 'node-projector',
23 silly publish   version: '0.0.1',
23 silly publish   description: 'Projecting with a node app',
23 silly publish   main: 'src/index.js',
23 silly publish   scripts:
23 silly publish    { test: 'echo "Error: no test specified" && exit 1',
23 silly publish      lint: 'standard',
23 silly publish      'start:prod': 'node src/index',
23 silly publish      start: 'nodemon src/index',
23 silly publish      'semantic-release': 'semantic-release pre && npm publish && semantic-release post' },
23 silly publish   repository:
23 silly publish    { type: 'git',
23 silly publish      url: 'git+https://github.com/mrsteele/node-projector.git' },
23 silly publish   keywords: [ 'node', 'project', 'projection', 'projector' ],
23 silly publish   author:
23 silly publish    { name: 'Matt Steele',
23 silly publish      email: 'matt@omnionline.us',
23 silly publish      url: 'http://omnionline.us/' },
23 silly publish   license: 'MIT',
23 silly publish   bugs: { url: 'https://github.com/mrsteele/node-projector/issues' },
23 silly publish   homepage: 'https://github.com/mrsteele/node-projector#readme',
23 silly publish   dependencies:
23 silly publish    { 'basic-auth-connect': '^1.0.0',
23 silly publish      'node-handlebars': '^0.9.7',
23 silly publish      'socket.io': '^1.7.2',
23 silly publish      winston: '^2.3.1' },
23 silly publish   devDependencies:
23 silly publish    { nodemon: '^1.11.0',
23 silly publish      standard: '^8.6.0',
23 silly publish      'semantic-release': '^6.3.2' },
23 silly publish   readme: '# node-projector\n\nA way to use node to project on the fly notes to a client.\n\n### Installation\n\nSimply use `npm i` to install your dependencies.\n\n### Setup\n\nCurrently there is no setup, but eventually we will add env variable support.\n\n### Running\n\nTo run, type `npm run start` and navigate to the following to access the systems:\n\n* **http://localhost:3000/** - The client.\n* **http://localhost:3000/cmd** - The command client.\n\n### License\n\nMIT\n',
23 silly publish   readmeFilename: 'README.md',
23 silly publish   gitHead: 'd43a04741aceea132b6619cf2e65c9112539a6b7',
23 silly publish   _id: 'node-projector@0.0.1',
23 silly publish   _shasum: '8141fbf2f9bf9661e150455ea21c5d44a8c1359e',
23 silly publish   _from: '.' }
24 info lifecycle node-projector@0.0.1~prepublishOnly: node-projector@0.0.1
25 silly lifecycle node-projector@0.0.1~prepublishOnly: no script for prepublishOnly, continuing
26 verbose getPublishConfig undefined
27 silly mapToRegistry name node-projector
28 silly mapToRegistry using default registry
29 silly mapToRegistry registry https://registry.npmjs.org/
30 silly mapToRegistry data Result {
30 silly mapToRegistry   raw: 'node-projector',
30 silly mapToRegistry   scope: null,
30 silly mapToRegistry   escapedName: 'node-projector',
30 silly mapToRegistry   name: 'node-projector',
30 silly mapToRegistry   rawSpec: '',
30 silly mapToRegistry   spec: 'latest',
30 silly mapToRegistry   type: 'tag' }
31 silly mapToRegistry uri https://registry.npmjs.org/node-projector
32 verbose publish registryBase https://registry.npmjs.org/
33 silly publish uploading /Users/msteele/.npm/node-projector/0.0.1/package.tgz
34 verbose request uri https://registry.npmjs.org/node-projector
35 verbose request sending authorization for write operation
36 info attempt registry request try #1 at 11:34:02 PM
37 verbose request using bearer token for auth
38 verbose request id 47346bcfe4fb8bd3
39 http request PUT https://registry.npmjs.org/node-projector
40 http 403 https://registry.npmjs.org/node-projector
41 verbose headers { 'content-type': 'application/json',
41 verbose headers   'cache-control': 'max-age=300',
41 verbose headers   'content-length': '108',
41 verbose headers   'accept-ranges': 'bytes',
41 verbose headers   date: 'Thu, 26 Jan 2017 04:34:02 GMT',
41 verbose headers   via: '1.1 varnish',
41 verbose headers   connection: 'keep-alive',
41 verbose headers   'x-served-by': 'cache-iad2120-IAD',
41 verbose headers   'x-cache': 'MISS',
41 verbose headers   'x-cache-hits': '0',
41 verbose headers   'x-timer': 'S1485405242.251196,VS0,VE551',
41 verbose headers   vary: 'Accept-Encoding' }
42 verbose request invalidating /Users/msteele/.npm/registry.npmjs.org/node-projector on PUT
43 error publish Failed PUT 403
44 verbose stack Error: you do not have permission to publish "node-projector". Are you logged in as the correct user? : node-projector
44 verbose stack     at makeError (/usr/local/lib/node_modules/npm/node_modules/npm-registry-client/lib/request.js:302:12)
44 verbose stack     at CachingRegistryClient.<anonymous> (/usr/local/lib/node_modules/npm/node_modules/npm-registry-client/lib/request.js:290:14)
44 verbose stack     at Request._callback (/usr/local/lib/node_modules/npm/node_modules/npm-registry-client/lib/request.js:210:14)
44 verbose stack     at Request.self.callback (/usr/local/lib/node_modules/npm/node_modules/request/request.js:186:22)
44 verbose stack     at emitTwo (events.js:106:13)
44 verbose stack     at Request.emit (events.js:191:7)
44 verbose stack     at Request.<anonymous> (/usr/local/lib/node_modules/npm/node_modules/request/request.js:1081:10)
44 verbose stack     at emitOne (events.js:96:13)
44 verbose stack     at Request.emit (events.js:188:7)
44 verbose stack     at IncomingMessage.<anonymous> (/usr/local/lib/node_modules/npm/node_modules/request/request.js:1001:12)
45 verbose statusCode 403
46 verbose pkgid node-projector
47 verbose cwd /Users/msteele/Omni/Repos/node-projector
48 error Darwin 16.3.0
49 error argv "/usr/local/bin/node" "/usr/local/bin/npm" "publish"
50 error node v6.6.0
51 error npm  v4.0.5
52 error code E403
53 error you do not have permission to publish "node-projector". Are you logged in as the correct user? : node-projector
54 error If you need help, you may report this error at:
54 error     <https://github.com/npm/npm/issues>
55 verbose exit [ 1, true ]
